Running: C:\Xilinx\14.7\ISE_DS\ISE\bin\nt64\unwrapped\fuse.exe -intstyle ise -incremental -o C:/Users/Carlos/Desktop/LAB3-20240403T225243Z-001/LAB3/Temporizador/Temporizador_tb_isim_beh.exe -prj C:/Users/Carlos/Desktop/LAB3-20240403T225243Z-001/LAB3/Temporizador/Temporizador_tb_beh.prj work.Temporizador_tb 
ISim P.20131013 (signature 0x7708f090)
Number of CPUs detected in this system: 16
Turning on mult-threading, number of parallel sub-compilation jobs: 32 
Determining compilation order of HDL files
Parsing VHDL file "C:/Users/Carlos/Desktop/LAB3-20240403T225243Z-001/LAB3/Temporizador/Temporizador.vhd" into library work
Parsing VHDL file "C:/Users/Carlos/Desktop/LAB3-20240403T225243Z-001/LAB3/Temporizador/Temporizador_tb.vhd" into library work
Starting static elaboration
Completed static elaboration
Compiling package standard
Compiling package std_logic_1164
Compiling package numeric_std
Compiling package std_logic_arith
Compiling package std_logic_unsigned
Compiling architecture behavioral of entity Temporizador [temporizador_default]
Compiling architecture behavior of entity temporizador_tb
Time Resolution for simulation is 1ps.
Waiting for 1 sub-compilation(s) to finish...
Compiled 8 VHDL Units
Built simulation executable C:/Users/Carlos/Desktop/LAB3-20240403T225243Z-001/LAB3/Temporizador/Temporizador_tb_isim_beh.exe
Fuse Memory Usage: 37424 KB
Fuse CPU Usage: 1061 ms
