Release 14.7 - xst P.20131013 (nt64)
Copyright (c) 1995-2013 Xilinx, Inc.  All rights reserved.
--> Parameter TMPDIR set to xst/projnav.tmp


Total REAL time to Xst completion: 0.00 secs
Total CPU time to Xst completion: 0.25 secs
 
--> Parameter xsthdpdir set to xst


Total REAL time to Xst completion: 0.00 secs
Total CPU time to Xst completion: 0.25 secs
 
--> Reading design: Temporizador.prj

TABLE OF CONTENTS
  1) Synthesis Options Summary
  2) HDL Compilation
  3) Design Hierarchy Analysis
  4) HDL Analysis
  5) HDL Synthesis
     5.1) HDL Synthesis Report
  6) Advanced HDL Synthesis
     6.1) Advanced HDL Synthesis Report
  7) Low Level Synthesis
  8) Partition Report
  9) Final Report
	9.1) Device utilization summary
	9.2) Partition Resource Summary
	9.3) TIMING REPORT


=========================================================================
*                      Synthesis Options Summary                        *
=========================================================================
---- Source Parameters
Input File Name                    : "Temporizador.prj"
Input Format                       : mixed
Ignore Synthesis Constraint File   : NO

---- Target Parameters
Output File Name                   : "Temporizador"
Output Format                      : NGC
Target Device                      : xc3s500e-5-fg320

---- Source Options
Top Module Name                    : Temporizador
Automatic FSM Extraction           : YES
FSM Encoding Algorithm             : Auto
Safe Implementation                : No
FSM Style                          : LUT
RAM Extraction                     : Yes
RAM Style                          : Auto
ROM Extraction                     : Yes
Mux Style                          : Auto
Decoder Extraction                 : YES
Priority Encoder Extraction        : Yes
Shift Register Extraction          : YES
Logical Shifter Extraction         : YES
XOR Collapsing                     : YES
ROM Style                          : Auto
Mux Extraction                     : Yes
Resource Sharing                   : YES
Asynchronous To Synchronous        : NO
Multiplier Style                   : Auto
Automatic Register Balancing       : No

---- Target Options
Add IO Buffers                     : YES
Global Maximum Fanout              : 100000
Add Generic Clock Buffer(BUFG)     : 24
Register Duplication               : YES
Slice Packing                      : YES
Optimize Instantiated Primitives   : NO
Use Clock Enable                   : Yes
Use Synchronous Set                : Yes
Use Synchronous Reset              : Yes
Pack IO Registers into IOBs        : Auto
Equivalent register Removal        : YES

---- General Options
Optimization Goal                  : Speed
Optimization Effort                : 1
Keep Hierarchy                     : No
Netlist Hierarchy                  : As_Optimized
RTL Output                         : Yes
Global Optimization                : AllClockNets
Read Cores                         : YES
Write Timing Constraints           : NO
Cross Clock Analysis               : NO
Hierarchy Separator                : /
Bus Delimiter                      : <>
Case Specifier                     : Maintain
Slice Utilization Ratio            : 100
BRAM Utilization Ratio             : 100
Verilog 2001                       : YES
Auto BRAM Packing                  : NO
Slice Utilization Ratio Delta      : 5

=========================================================================


=========================================================================
*                          HDL Compilation                              *
=========================================================================
Compiling vhdl file "C:/Users/Carlos/Desktop/LAB3-20240403T225243Z-001/LAB3/Temporizador/Temporizador.vhd" in Library work.
Entity <temporizador> compiled.
Entity <temporizador> (Architecture <behavioral>) compiled.

=========================================================================
*                     Design Hierarchy Analysis                         *
=========================================================================
Analyzing hierarchy for entity <Temporizador> in library <work> (architecture <behavioral>).


=========================================================================
*                            HDL Analysis                               *
=========================================================================
Analyzing Entity <Temporizador> in library <work> (Architecture <behavioral>).
Entity <Temporizador> analyzed. Unit <Temporizador> generated.


=========================================================================
*                           HDL Synthesis                               *
=========================================================================

Performing bidirectional port resolution...

Synthesizing Unit <Temporizador>.
    Related source file is "C:/Users/Carlos/Desktop/LAB3-20240403T225243Z-001/LAB3/Temporizador/Temporizador.vhd".
WARNING:Xst:1306 - Output <cont> is never assigned.
    Found 16x7-bit ROM for signal <dig>.
    Found 25-bit up counter for signal <clk_seg>.
    Found 4-bit up counter for signal <temp>.
    Found 4-bit adder for signal <temp$addsub0000> created at line 30.
    Summary:
	inferred   1 ROM(s).
	inferred   2 Counter(s).
	inferred   1 Adder/Subtractor(s).
Unit <Temporizador> synthesized.


=========================================================================
HDL Synthesis Report

Macro Statistics
# ROMs                                                 : 1
 16x7-bit ROM                                          : 1
# Adders/Subtractors                                   : 1
 4-bit adder                                           : 1
# Counters                                             : 2
 25-bit up counter                                     : 1
 4-bit up counter                                      : 1

=========================================================================

=========================================================================
*                       Advanced HDL Synthesis                          *
=========================================================================


=========================================================================
Advanced HDL Synthesis Report

Macro Statistics
# ROMs                                                 : 1
 16x7-bit ROM                                          : 1
# Adders/Subtractors                                   : 1
 4-bit adder                                           : 1
# Counters                                             : 2
 25-bit up counter                                     : 1
 4-bit up counter                                      : 1

=========================================================================

=========================================================================
*                         Low Level Synthesis                           *
=========================================================================

Optimizing unit <Temporizador> ...

Mapping all equations...
Building and optimizing final netlist ...
Found area constraint ratio of 100 (+ 5) on block Temporizador, actual ratio is 0.

Final Macro Processing ...

=========================================================================
Final Register Report

Macro Statistics
# Registers                                            : 29
 Flip-Flops                                            : 29

=========================================================================

=========================================================================
*                           Partition Report                            *
=========================================================================

Partition Implementation Status
-------------------------------

  No Partitions were found in this design.

-------------------------------

=========================================================================
*                            Final Report                               *
=========================================================================
Final Results
RTL Top Level Output File Name     : Temporizador.ngr
Top Level Output File Name         : Temporizador
Output Format                      : NGC
Optimization Goal                  : Speed
Keep Hierarchy                     : No

Design Statistics
# IOs                              : 18

Cell Usage :
# BELS                             : 127
#      GND                         : 1
#      INV                         : 3
#      LUT1                        : 24
#      LUT2                        : 26
#      LUT3                        : 1
#      LUT4                        : 15
#      MUXCY                       : 31
#      VCC                         : 1
#      XORCY                       : 25
# FlipFlops/Latches                : 29
#      FDCE                        : 29
# Clock Buffers                    : 1
#      BUFGP                       : 1
# IO Buffers                       : 13
#      IBUF                        : 2
#      OBUF                        : 11
=========================================================================

Device utilization summary:
---------------------------

Selected Device : 3s500efg320-5 

 Number of Slices:                       38  out of   4656     0%  
 Number of Slice Flip Flops:             29  out of   9312     0%  
 Number of 4 input LUTs:                 69  out of   9312     0%  
 Number of IOs:                          18
 Number of bonded IOBs:                  14  out of    232     6%  
 Number of GCLKs:                         1  out of     24     4%  

---------------------------
Partition Resource Summary:
---------------------------

  No Partitions were found in this design.

---------------------------


=========================================================================
TIMING REPORT

NOTE: THESE TIMING NUMBERS ARE ONLY A SYNTHESIS ESTIMATE.
      FOR ACCURATE TIMING INFORMATION PLEASE REFER TO THE TRACE REPORT
      GENERATED AFTER PLACE-and-ROUTE.

Clock Information:
------------------
-----------------------------------+------------------------+-------+
Clock Signal                       | Clock buffer(FF name)  | Load  |
-----------------------------------+------------------------+-------+
clk                                | BUFGP                  | 29    |
-----------------------------------+------------------------+-------+

Asynchronous Control Signals Information:
----------------------------------------
-----------------------------------+------------------------+-------+
Control Signal                     | Buffer(FF name)        | Load  |
-----------------------------------+------------------------+-------+
rst                                | IBUF                   | 29    |
-----------------------------------+------------------------+-------+

Timing Summary:
---------------
Speed Grade: -5

   Minimum period: 5.402ns (Maximum Frequency: 185.128MHz)
   Minimum input arrival time before clock: 3.923ns
   Maximum output required time after clock: 5.597ns
   Maximum combinational path delay: No path found

Timing Detail:
--------------
All values displayed in nanoseconds (ns)

=========================================================================
Timing constraint: Default period analysis for Clock 'clk'
  Clock period: 5.402ns (frequency: 185.128MHz)
  Total number of paths / destination ports: 1062 / 33
-------------------------------------------------------------------------
Delay:               5.402ns (Levels of Logic = 8)
  Source:            clk_seg_9 (FF)
  Destination:       temp_0 (FF)
  Source Clock:      clk rising
  Destination Clock: clk rising

  Data Path: clk_seg_9 to temp_0
                                Gate     Net
    Cell:in->out      fanout   Delay   Delay  Logical Name (Net Name)
    ----------------------------------------  ------------
     FDCE:C->Q             2   0.514   0.532  clk_seg_9 (clk_seg_9)
     LUT4:I0->O            1   0.612   0.000  clk_seg_cmp_eq0000_wg_lut<1> (clk_seg_cmp_eq0000_wg_lut<1>)
     MUXCY:S->O            1   0.404   0.000  clk_seg_cmp_eq0000_wg_cy<1> (clk_seg_cmp_eq0000_wg_cy<1>)
     MUXCY:CI->O           1   0.052   0.000  clk_seg_cmp_eq0000_wg_cy<2> (clk_seg_cmp_eq0000_wg_cy<2>)
     MUXCY:CI->O           1   0.052   0.000  clk_seg_cmp_eq0000_wg_cy<3> (clk_seg_cmp_eq0000_wg_cy<3>)
     MUXCY:CI->O           1   0.052   0.000  clk_seg_cmp_eq0000_wg_cy<4> (clk_seg_cmp_eq0000_wg_cy<4>)
     MUXCY:CI->O           1   0.052   0.000  clk_seg_cmp_eq0000_wg_cy<5> (clk_seg_cmp_eq0000_wg_cy<5>)
     MUXCY:CI->O          26   0.399   1.140  clk_seg_cmp_eq0000_wg_cy<6> (clk_seg_cmp_eq0000)
     LUT2:I1->O            4   0.612   0.499  temp_not00011 (temp_not0001)
     FDCE:CE                   0.483          temp_0
    ----------------------------------------
    Total                      5.402ns (3.230ns logic, 2.171ns route)
                                       (59.8% logic, 40.2% route)

=========================================================================
Timing constraint: Default OFFSET IN BEFORE for Clock 'clk'
  Total number of paths / destination ports: 29 / 29
-------------------------------------------------------------------------
Offset:              3.923ns (Levels of Logic = 2)
  Source:            ena (PAD)
  Destination:       temp_0 (FF)
  Destination Clock: clk rising

  Data Path: ena to temp_0
                                Gate     Net
    Cell:in->out      fanout   Delay   Delay  Logical Name (Net Name)
    ----------------------------------------  ------------
     IBUF:I->O            26   1.106   1.223  ena_IBUF (ena_IBUF)
     LUT2:I0->O            4   0.612   0.499  temp_not00011 (temp_not0001)
     FDCE:CE                   0.483          temp_0
    ----------------------------------------
    Total                      3.923ns (2.201ns logic, 1.722ns route)
                                       (56.1% logic, 43.9% route)

=========================================================================
Timing constraint: Default OFFSET OUT AFTER for Clock 'clk'
  Total number of paths / destination ports: 28 / 7
-------------------------------------------------------------------------
Offset:              5.597ns (Levels of Logic = 2)
  Source:            temp_0 (FF)
  Destination:       dig<6> (PAD)
  Source Clock:      clk rising

  Data Path: temp_0 to dig<6>
                                Gate     Net
    Cell:in->out      fanout   Delay   Delay  Logical Name (Net Name)
    ----------------------------------------  ------------
     FDCE:C->Q            11   0.514   0.945  temp_0 (temp_0)
     LUT4:I0->O            1   0.612   0.357  Mrom_dig321 (dig_6_OBUF)
     OBUF:I->O                 3.169          dig_6_OBUF (dig<6>)
    ----------------------------------------
    Total                      5.597ns (4.295ns logic, 1.302ns route)
                                       (76.7% logic, 23.3% route)

=========================================================================


Total REAL time to Xst completion: 9.00 secs
Total CPU time to Xst completion: 8.98 secs
 
--> 

Total memory usage is 4514988 kilobytes

Number of errors   :    0 (   0 filtered)
Number of warnings :    1 (   0 filtered)
Number of infos    :    0 (   0 filtered)

