--------------------------------------------------------------------------------
Release 14.7 Trace  (nt64)
Copyright (c) 1995-2013 Xilinx, Inc.  All rights reserved.

C:\Xilinx\14.7\ISE_DS\ISE\bin\nt64\unwrapped\trce.exe -intstyle ise -v 3 -s 5
-n 3 -fastpaths -xml BinToGray.twx BinToGray.ncd -o BinToGray.twr BinToGray.pcf
-ucf BinToGray_pins.ucf

Design file:              BinToGray.ncd
Physical constraint file: BinToGray.pcf
Device,package,speed:     xc3s500e,fg320,-5 (PRODUCTION 1.27 2013-10-13)
Report level:             verbose report

Environment Variable      Effect 
--------------------      ------ 
NONE                      No environment variables were set
--------------------------------------------------------------------------------

INFO:Timing:2698 - No timing constraints found, doing default enumeration.
INFO:Timing:3412 - To improve timing, see the Timing Closure User Guide (UG612).
INFO:Timing:2752 - To get complete path coverage, use the unconstrained paths 
   option. All paths that are not constrained will be reported in the 
   unconstrained paths section(s) of the report.
INFO:Timing:3339 - The clock-to-out numbers in this timing report are based on 
   a 50 Ohm transmission line loading model.  For the details of this model, 
   and for more information on accounting for different loading conditions, 
   please see the device datasheet.
INFO:Timing:3390 - This architecture does not support a default System Jitter 
   value, please add SYSTEM_JITTER constraint to the UCF to modify the Clock 
   Uncertainty calculation.
INFO:Timing:3389 - This architecture does not support 'Discrete Jitter' and 
   'Phase Error' calculations, these terms will be zero in the Clock 
   Uncertainty calculation.  Please make appropriate modification to 
   SYSTEM_JITTER to account for the unsupported Discrete Jitter and Phase 
   Error.



Data Sheet report:
-----------------
All values displayed in nanoseconds (ns)

Pad to Pad
---------------+---------------+---------+
Source Pad     |Destination Pad|  Delay  |
---------------+---------------+---------+
binary_in<0>   |gray_out<0>    |    5.747|
binary_in<1>   |gray_out<0>    |    5.222|
binary_in<1>   |gray_out<1>    |    5.220|
binary_in<2>   |gray_out<1>    |    5.489|
binary_in<2>   |gray_out<2>    |    5.175|
binary_in<3>   |gray_out<2>    |    5.539|
binary_in<3>   |gray_out<3>    |    5.504|
binary_in<4>   |gray_out<3>    |    6.270|
binary_in<4>   |gray_out<4>    |    7.058|
binary_in<5>   |gray_out<4>    |    6.731|
binary_in<5>   |gray_out<5>    |    6.061|
binary_in<6>   |gray_out<5>    |    6.461|
binary_in<6>   |gray_out<6>    |   10.344|
binary_in<7>   |gray_out<6>    |   10.063|
binary_in<7>   |gray_out<7>    |    6.475|
---------------+---------------+---------+


Analysis completed Tue Jun 11 05:19:38 2024 
--------------------------------------------------------------------------------

Trace Settings:
-------------------------
Trace Settings 

Peak Memory Usage: 4510 MB



