Running: C:\Xilinx\14.7\ISE_DS\ISE\bin\nt64\unwrapped\fuse.exe -intstyle ise -incremental -o C:/Users/Carlos/Desktop/bintoGray/bintoGray/BinToGray_tb_isim_beh.exe -prj C:/Users/Carlos/Desktop/bintoGray/bintoGray/BinToGray_tb_beh.prj work.BinToGray_tb 
ISim P.20131013 (signature 0x7708f090)
Number of CPUs detected in this system: 16
Turning on mult-threading, number of parallel sub-compilation jobs: 32 
Determining compilation order of HDL files
Parsing VHDL file "C:/Users/Carlos/Desktop/bintoGray/bintoGray/BinToGray.vhd" into library work
Parsing VHDL file "C:/Users/Carlos/Desktop/bintoGray/bintoGray/BinToGray_tb.vhd" into library work
Starting static elaboration
Completed static elaboration
Compiling package standard
Compiling package std_logic_1164
Compiling package numeric_std
Compiling architecture behavioral of entity BinToGray [\BinToGray(8)\]
Compiling architecture behavioral of entity bintogray_tb
Time Resolution for simulation is 1ps.
Waiting for 1 sub-compilation(s) to finish...
Compiled 6 VHDL Units
Built simulation executable C:/Users/Carlos/Desktop/bintoGray/bintoGray/BinToGray_tb_isim_beh.exe
Fuse Memory Usage: 35472 KB
Fuse CPU Usage: 780 ms
