Running: C:\Xilinx\14.7\ISE_DS\ISE\bin\nt64\unwrapped\fuse.exe -intstyle ise -incremental -o C:/Users/Carlos/Desktop/LAB2/ordenador/ordenador_tb_isim_beh.exe -prj C:/Users/Carlos/Desktop/LAB2/ordenador/ordenador_tb_beh.prj work.ordenador_tb 
ISim P.20131013 (signature 0x7708f090)
Number of CPUs detected in this system: 16
Turning on mult-threading, number of parallel sub-compilation jobs: 32 
Determining compilation order of HDL files
Parsing VHDL file "C:/Users/Carlos/Desktop/LAB2/ordenador/ordenador.vhd" into library work
Parsing VHDL file "C:/Users/Carlos/Desktop/LAB2/ordenador/ordenador_tb.vhd" into library work
Starting static elaboration
Completed static elaboration
Compiling package standard
Compiling package std_logic_1164
Compiling package std_logic_arith
Compiling package std_logic_signed
Compiling package numeric_std
Compiling architecture behavioral of entity ordenador [\ordenador(8,4)\]
Compiling architecture behavior of entity ordenador_tb
Time Resolution for simulation is 1ps.
Compiled 8 VHDL Units
Built simulation executable C:/Users/Carlos/Desktop/LAB2/ordenador/ordenador_tb_isim_beh.exe
Fuse Memory Usage: 37780 KB
Fuse CPU Usage: 530 ms
