Release 14.7 - xst P.20131013 (nt64)
Copyright (c) 1995-2013 Xilinx, Inc.  All rights reserved.
--> Parameter TMPDIR set to xst/projnav.tmp


Total REAL time to Xst completion: 1.00 secs
Total CPU time to Xst completion: 0.20 secs
 
--> Parameter xsthdpdir set to xst


Total REAL time to Xst completion: 1.00 secs
Total CPU time to Xst completion: 0.20 secs
 
--> Reading design: ordenador.prj

TABLE OF CONTENTS
  1) Synthesis Options Summary
  2) HDL Compilation
  3) Design Hierarchy Analysis
  4) HDL Analysis
  5) HDL Synthesis
     5.1) HDL Synthesis Report
  6) Advanced HDL Synthesis
     6.1) Advanced HDL Synthesis Report
  7) Low Level Synthesis
  8) Partition Report
  9) Final Report
	9.1) Device utilization summary
	9.2) Partition Resource Summary
	9.3) TIMING REPORT


=========================================================================
*                      Synthesis Options Summary                        *
=========================================================================
---- Source Parameters
Input File Name                    : "ordenador.prj"
Input Format                       : mixed
Ignore Synthesis Constraint File   : NO

---- Target Parameters
Output File Name                   : "ordenador"
Output Format                      : NGC
Target Device                      : xc3s500e-5-fg320

---- Source Options
Top Module Name                    : ordenador
Automatic FSM Extraction           : YES
FSM Encoding Algorithm             : Auto
Safe Implementation                : No
FSM Style                          : LUT
RAM Extraction                     : Yes
RAM Style                          : Auto
ROM Extraction                     : Yes
Mux Style                          : Auto
Decoder Extraction                 : YES
Priority Encoder Extraction        : Yes
Shift Register Extraction          : YES
Logical Shifter Extraction         : YES
XOR Collapsing                     : YES
ROM Style                          : Auto
Mux Extraction                     : Yes
Resource Sharing                   : YES
Asynchronous To Synchronous        : NO
Multiplier Style                   : Auto
Automatic Register Balancing       : No

---- Target Options
Add IO Buffers                     : YES
Global Maximum Fanout              : 100000
Add Generic Clock Buffer(BUFG)     : 24
Register Duplication               : YES
Slice Packing                      : YES
Optimize Instantiated Primitives   : NO
Use Clock Enable                   : Yes
Use Synchronous Set                : Yes
Use Synchronous Reset              : Yes
Pack IO Registers into IOBs        : Auto
Equivalent register Removal        : YES

---- General Options
Optimization Goal                  : Speed
Optimization Effort                : 1
Keep Hierarchy                     : No
Netlist Hierarchy                  : As_Optimized
RTL Output                         : Yes
Global Optimization                : AllClockNets
Read Cores                         : YES
Write Timing Constraints           : NO
Cross Clock Analysis               : NO
Hierarchy Separator                : /
Bus Delimiter                      : <>
Case Specifier                     : Maintain
Slice Utilization Ratio            : 100
BRAM Utilization Ratio             : 100
Verilog 2001                       : YES
Auto BRAM Packing                  : NO
Slice Utilization Ratio Delta      : 5

=========================================================================


=========================================================================
*                          HDL Compilation                              *
=========================================================================
Compiling vhdl file "C:/Users/Carlos/Desktop/LAB2/ordenador/ordenador.vhd" in Library work.
Entity <ordenador> compiled.
Entity <ordenador> (Architecture <behavioral>) compiled.

=========================================================================
*                     Design Hierarchy Analysis                         *
=========================================================================
Analyzing hierarchy for entity <ordenador> in library <work> (architecture <behavioral>) with generics.
	N_ent = 8
	N_sai = 4


=========================================================================
*                            HDL Analysis                               *
=========================================================================
Analyzing generic Entity <ordenador> in library <work> (Architecture <behavioral>).
	N_ent = 8
	N_sai = 4
Entity <ordenador> analyzed. Unit <ordenador> generated.


=========================================================================
*                           HDL Synthesis                               *
=========================================================================

Performing bidirectional port resolution...

Synthesizing Unit <ordenador>.
    Related source file is "C:/Users/Carlos/Desktop/LAB2/ordenador/ordenador.vhd".
WARNING:Xst:653 - Signal <S<0>> is used but never assigned. This sourceless signal will be automatically connected to value 0000.
    Found 4-bit adder for signal <S_1$addsub0000> created at line 20.
    Found 4-bit adder for signal <S_2$addsub0000> created at line 20.
    Found 4-bit adder for signal <S_3$addsub0000> created at line 20.
    Found 4-bit adder for signal <S_4$addsub0000> created at line 20.
    Found 4-bit adder for signal <S_5$addsub0000> created at line 20.
    Found 4-bit adder for signal <S_6$addsub0000> created at line 20.
    Found 4-bit adder for signal <S_7$addsub0000> created at line 20.
    Found 4-bit adder for signal <S_8$addsub0000> created at line 20.
    Summary:
	inferred   8 Adder/Subtractor(s).
Unit <ordenador> synthesized.


=========================================================================
HDL Synthesis Report

Macro Statistics
# Adders/Subtractors                                   : 8
 4-bit adder                                           : 8

=========================================================================

=========================================================================
*                       Advanced HDL Synthesis                          *
=========================================================================


=========================================================================
Advanced HDL Synthesis Report

Macro Statistics
# Adders/Subtractors                                   : 8
 4-bit adder                                           : 8

=========================================================================

=========================================================================
*                         Low Level Synthesis                           *
=========================================================================

Optimizing unit <ordenador> ...

Mapping all equations...
Building and optimizing final netlist ...
Found area constraint ratio of 100 (+ 5) on block ordenador, actual ratio is 0.

Final Macro Processing ...

=========================================================================
Final Register Report

Found no macro
=========================================================================

=========================================================================
*                           Partition Report                            *
=========================================================================

Partition Implementation Status
-------------------------------

  No Partitions were found in this design.

-------------------------------

=========================================================================
*                            Final Report                               *
=========================================================================
Final Results
RTL Top Level Output File Name     : ordenador.ngr
Top Level Output File Name         : ordenador
Output Format                      : NGC
Optimization Goal                  : Speed
Keep Hierarchy                     : No

Design Statistics
# IOs                              : 16

Cell Usage :
# BELS                             : 30
#      LUT2                        : 1
#      LUT3                        : 8
#      LUT4                        : 21
# IO Buffers                       : 16
#      IBUF                        : 8
#      OBUF                        : 8
=========================================================================

Device utilization summary:
---------------------------

Selected Device : 3s500efg320-5 

 Number of Slices:                       17  out of   4656     0%  
 Number of 4 input LUTs:                 30  out of   9312     0%  
 Number of IOs:                          16
 Number of bonded IOBs:                  16  out of    232     6%  

---------------------------
Partition Resource Summary:
---------------------------

  No Partitions were found in this design.

---------------------------


=========================================================================
TIMING REPORT

NOTE: THESE TIMING NUMBERS ARE ONLY A SYNTHESIS ESTIMATE.
      FOR ACCURATE TIMING INFORMATION PLEASE REFER TO THE TRACE REPORT
      GENERATED AFTER PLACE-and-ROUTE.

Clock Information:
------------------
No clock signals found in this design

Asynchronous Control Signals Information:
----------------------------------------
No asynchronous control signals found in this design

Timing Summary:
---------------
Speed Grade: -5

   Minimum period: No path found
   Minimum input arrival time before clock: No path found
   Maximum output required time after clock: No path found
   Maximum combinational path delay: 11.924ns

Timing Detail:
--------------
All values displayed in nanoseconds (ns)

=========================================================================
Timing constraint: Default path analysis
  Total number of paths / destination ports: 1448 / 8
-------------------------------------------------------------------------
Delay:               11.924ns (Levels of Logic = 8)
  Source:            ent<1> (PAD)
  Destination:       ssd<7> (PAD)

  Data Path: ent<1> to ssd<7>
                                Gate     Net
    Cell:in->out      fanout   Delay   Delay  Logical Name (Net Name)
    ----------------------------------------  ------------
     IBUF:I->O             4   1.106   0.651  ent_1_IBUF (ent_1_IBUF)
     LUT3:I0->O            4   0.612   0.651  S_3_mux0000<0>1 (Madd_S_4_addsub0000_cy<0>)
     LUT4:I0->O            1   0.612   0.509  S_5_mux0000<2>1 (Madd_S_6_addsub0000_lut<2>)
     LUT3:I0->O            2   0.612   0.532  S_6_mux0000<2>1 (Madd_S_7_addsub0000_lut<2>)
     LUT3:I0->O            3   0.612   0.481  S_7_mux0000<2>1 (Madd_S_8_addsub0000_lut<2>)
     LUT4:I2->O            8   0.612   0.795  S_8_mux0000<3>1 (S<8><3>)
     LUT4:I0->O            1   0.612   0.357  ssd<3>11 (ssd_0_OBUF)
     OBUF:I->O                 3.169          ssd_0_OBUF (ssd<0>)
    ----------------------------------------
    Total                     11.924ns (7.947ns logic, 3.977ns route)
                                       (66.6% logic, 33.4% route)

=========================================================================


Total REAL time to Xst completion: 9.00 secs
Total CPU time to Xst completion: 8.28 secs
 
--> 

Total memory usage is 4515028 kilobytes

Number of errors   :    0 (   0 filtered)
Number of warnings :    1 (   0 filtered)
Number of infos    :    0 (   0 filtered)

