Release 14.7 - xst P.20131013 (nt64)
Copyright (c) 1995-2013 Xilinx, Inc.  All rights reserved.
--> Parameter TMPDIR set to xst/projnav.tmp


Total REAL time to Xst completion: 0.00 secs
Total CPU time to Xst completion: 0.25 secs
 
--> Parameter xsthdpdir set to xst


Total REAL time to Xst completion: 0.00 secs
Total CPU time to Xst completion: 0.25 secs
 
--> Reading design: Contador.prj

TABLE OF CONTENTS
  1) Synthesis Options Summary
  2) HDL Compilation
  3) Design Hierarchy Analysis
  4) HDL Analysis
  5) HDL Synthesis
     5.1) HDL Synthesis Report
  6) Advanced HDL Synthesis
     6.1) Advanced HDL Synthesis Report
  7) Low Level Synthesis
  8) Partition Report
  9) Final Report
	9.1) Device utilization summary
	9.2) Partition Resource Summary
	9.3) TIMING REPORT


=========================================================================
*                      Synthesis Options Summary                        *
=========================================================================
---- Source Parameters
Input File Name                    : "Contador.prj"
Input Format                       : mixed
Ignore Synthesis Constraint File   : NO

---- Target Parameters
Output File Name                   : "Contador"
Output Format                      : NGC
Target Device                      : xc3s500e-5-fg320

---- Source Options
Top Module Name                    : Contador
Automatic FSM Extraction           : YES
FSM Encoding Algorithm             : Auto
Safe Implementation                : No
FSM Style                          : LUT
RAM Extraction                     : Yes
RAM Style                          : Auto
ROM Extraction                     : Yes
Mux Style                          : Auto
Decoder Extraction                 : YES
Priority Encoder Extraction        : Yes
Shift Register Extraction          : YES
Logical Shifter Extraction         : YES
XOR Collapsing                     : YES
ROM Style                          : Auto
Mux Extraction                     : Yes
Resource Sharing                   : YES
Asynchronous To Synchronous        : NO
Multiplier Style                   : Auto
Automatic Register Balancing       : No

---- Target Options
Add IO Buffers                     : YES
Global Maximum Fanout              : 100000
Add Generic Clock Buffer(BUFG)     : 24
Register Duplication               : YES
Slice Packing                      : YES
Optimize Instantiated Primitives   : NO
Use Clock Enable                   : Yes
Use Synchronous Set                : Yes
Use Synchronous Reset              : Yes
Pack IO Registers into IOBs        : Auto
Equivalent register Removal        : YES

---- General Options
Optimization Goal                  : Speed
Optimization Effort                : 1
Keep Hierarchy                     : No
Netlist Hierarchy                  : As_Optimized
RTL Output                         : Yes
Global Optimization                : AllClockNets
Read Cores                         : YES
Write Timing Constraints           : NO
Cross Clock Analysis               : NO
Hierarchy Separator                : /
Bus Delimiter                      : <>
Case Specifier                     : Maintain
Slice Utilization Ratio            : 100
BRAM Utilization Ratio             : 100
Verilog 2001                       : YES
Auto BRAM Packing                  : NO
Slice Utilization Ratio Delta      : 5

=========================================================================


=========================================================================
*                          HDL Compilation                              *
=========================================================================
Compiling vhdl file "C:/Users/Carlos/Desktop/LAB3-20240403T225243Z-001/LAB3/Contador_0_9/Contador.vhd" in Library work.
Entity <contador> compiled.
Entity <contador> (Architecture <behavioral>) compiled.

=========================================================================
*                     Design Hierarchy Analysis                         *
=========================================================================
Analyzing hierarchy for entity <Contador> in library <work> (architecture <behavioral>) with generics.
	fclk = 50000
	twindow = 10


=========================================================================
*                            HDL Analysis                               *
=========================================================================
Analyzing generic Entity <Contador> in library <work> (Architecture <behavioral>).
	fclk = 50000
	twindow = 10
Entity <Contador> analyzed. Unit <Contador> generated.


=========================================================================
*                           HDL Synthesis                               *
=========================================================================

Performing bidirectional port resolution...

Synthesizing Unit <Contador>.
    Related source file is "C:/Users/Carlos/Desktop/LAB3-20240403T225243Z-001/LAB3/Contador_0_9/Contador.vhd".
    Found 16x7-bit ROM for signal <led>.
    Found 19-bit up counter for signal <cont>.
    Found 1-bit xor2 for signal <cont$xor0000> created at line 30.
    Found 1-bit register for signal <temp>.
    Found 19-bit adder for signal <temp$add0000> created at line 31.
    Found 4-bit register for signal <y_aux>.
    Found 4-bit subtractor for signal <y_aux$addsub0000> created at line 57.
    Found 4-bit adder for signal <y_aux$addsub0001> created at line 62.
    Found 4-bit addsub for signal <y_aux$share0000>.
    Summary:
	inferred   1 ROM(s).
	inferred   1 Counter(s).
	inferred   5 D-type flip-flop(s).
	inferred   4 Adder/Subtractor(s).
Unit <Contador> synthesized.

INFO:Xst:1767 - HDL ADVISOR - Resource sharing has identified that some arithmetic operations in this design can share the same physical resources for reduced device utilization. For improved clock frequency you may try to disable resource sharing.

=========================================================================
HDL Synthesis Report

Macro Statistics
# ROMs                                                 : 1
 16x7-bit ROM                                          : 1
# Adders/Subtractors                                   : 4
 19-bit adder                                          : 1
 4-bit adder                                           : 1
 4-bit addsub                                          : 1
 4-bit subtractor                                      : 1
# Counters                                             : 1
 19-bit up counter                                     : 1
# Registers                                            : 2
 1-bit register                                        : 1
 4-bit register                                        : 1
# Xors                                                 : 1
 1-bit xor2                                            : 1

=========================================================================

=========================================================================
*                       Advanced HDL Synthesis                          *
=========================================================================


=========================================================================
Advanced HDL Synthesis Report

Macro Statistics
# ROMs                                                 : 1
 16x7-bit ROM                                          : 1
# Adders/Subtractors                                   : 4
 19-bit adder                                          : 1
 4-bit adder                                           : 1
 4-bit addsub                                          : 1
 4-bit subtractor                                      : 1
# Counters                                             : 1
 19-bit up counter                                     : 1
# Registers                                            : 5
 Flip-Flops                                            : 5
# Xors                                                 : 1
 1-bit xor2                                            : 1

=========================================================================

=========================================================================
*                         Low Level Synthesis                           *
=========================================================================

Optimizing unit <Contador> ...

Mapping all equations...
Building and optimizing final netlist ...
Found area constraint ratio of 100 (+ 5) on block Contador, actual ratio is 0.

Final Macro Processing ...

=========================================================================
Final Register Report

Macro Statistics
# Registers                                            : 24
 Flip-Flops                                            : 24

=========================================================================

=========================================================================
*                           Partition Report                            *
=========================================================================

Partition Implementation Status
-------------------------------

  No Partitions were found in this design.

-------------------------------

=========================================================================
*                            Final Report                               *
=========================================================================
Final Results
RTL Top Level Output File Name     : Contador.ngr
Top Level Output File Name         : Contador
Output Format                      : NGC
Optimization Goal                  : Speed
Keep Hierarchy                     : No

Design Statistics
# IOs                              : 20

Cell Usage :
# BELS                             : 141
#      GND                         : 1
#      INV                         : 3
#      LUT1                        : 36
#      LUT3                        : 3
#      LUT4                        : 16
#      MUXCY                       : 41
#      MUXF5                       : 2
#      VCC                         : 1
#      XORCY                       : 38
# FlipFlops/Latches                : 24
#      FDCE                        : 4
#      FDE                         : 1
#      FDR                         : 19
# Clock Buffers                    : 1
#      BUFGP                       : 1
# IO Buffers                       : 19
#      IBUF                        : 4
#      OBUF                        : 15
=========================================================================

Device utilization summary:
---------------------------

Selected Device : 3s500efg320-5 

 Number of Slices:                       37  out of   4656     0%  
 Number of Slice Flip Flops:             24  out of   9312     0%  
 Number of 4 input LUTs:                 58  out of   9312     0%  
 Number of IOs:                          20
 Number of bonded IOBs:                  20  out of    232     8%  
 Number of GCLKs:                         1  out of     24     4%  

---------------------------
Partition Resource Summary:
---------------------------

  No Partitions were found in this design.

---------------------------


=========================================================================
TIMING REPORT

NOTE: THESE TIMING NUMBERS ARE ONLY A SYNTHESIS ESTIMATE.
      FOR ACCURATE TIMING INFORMATION PLEASE REFER TO THE TRACE REPORT
      GENERATED AFTER PLACE-and-ROUTE.

Clock Information:
------------------
-----------------------------------+------------------------+-------+
Clock Signal                       | Clock buffer(FF name)  | Load  |
-----------------------------------+------------------------+-------+
clk                                | BUFGP                  | 20    |
temp                               | NONE(y_aux_0)          | 4     |
-----------------------------------+------------------------+-------+
INFO:Xst:2169 - HDL ADVISOR - Some clock signals were not automatically buffered by XST with BUFG/BUFR resources. Please use the buffer_type constraint in order to insert these buffers to the clock signals to help prevent skew problems.

Asynchronous Control Signals Information:
----------------------------------------
-----------------------------------+------------------------+-------+
Control Signal                     | Buffer(FF name)        | Load  |
-----------------------------------+------------------------+-------+
rst                                | IBUF                   | 4     |
-----------------------------------+------------------------+-------+

Timing Summary:
---------------
Speed Grade: -5

   Minimum period: 8.094ns (Maximum Frequency: 123.546MHz)
   Minimum input arrival time before clock: 4.039ns
   Maximum output required time after clock: 5.654ns
   Maximum combinational path delay: No path found

Timing Detail:
--------------
All values displayed in nanoseconds (ns)

=========================================================================
Timing constraint: Default period analysis for Clock 'clk'
  Clock period: 8.094ns (frequency: 123.546MHz)
  Total number of paths / destination ports: 4010 / 39
-------------------------------------------------------------------------
Delay:               8.094ns (Levels of Logic = 20)
  Source:            cont_1 (FF)
  Destination:       cont_0 (FF)
  Source Clock:      clk rising
  Destination Clock: clk rising

  Data Path: cont_1 to cont_0
                                Gate     Net
    Cell:in->out      fanout   Delay   Delay  Logical Name (Net Name)
    ----------------------------------------  ------------
     FDR:C->Q              2   0.514   0.532  cont_1 (cont_1)
     LUT1:I0->O            1   0.612   0.000  Madd_temp_add0000_cy<1>_rt (Madd_temp_add0000_cy<1>_rt)
     MUXCY:S->O            1   0.404   0.000  Madd_temp_add0000_cy<1> (Madd_temp_add0000_cy<1>)
     MUXCY:CI->O           1   0.051   0.000  Madd_temp_add0000_cy<2> (Madd_temp_add0000_cy<2>)
     MUXCY:CI->O           1   0.051   0.000  Madd_temp_add0000_cy<3> (Madd_temp_add0000_cy<3>)
     MUXCY:CI->O           1   0.051   0.000  Madd_temp_add0000_cy<4> (Madd_temp_add0000_cy<4>)
     MUXCY:CI->O           1   0.051   0.000  Madd_temp_add0000_cy<5> (Madd_temp_add0000_cy<5>)
     MUXCY:CI->O           1   0.051   0.000  Madd_temp_add0000_cy<6> (Madd_temp_add0000_cy<6>)
     MUXCY:CI->O           1   0.051   0.000  Madd_temp_add0000_cy<7> (Madd_temp_add0000_cy<7>)
     MUXCY:CI->O           1   0.051   0.000  Madd_temp_add0000_cy<8> (Madd_temp_add0000_cy<8>)
     MUXCY:CI->O           1   0.051   0.000  Madd_temp_add0000_cy<9> (Madd_temp_add0000_cy<9>)
     MUXCY:CI->O           1   0.051   0.000  Madd_temp_add0000_cy<10> (Madd_temp_add0000_cy<10>)
     MUXCY:CI->O           1   0.051   0.000  Madd_temp_add0000_cy<11> (Madd_temp_add0000_cy<11>)
     XORCY:CI->O           1   0.699   0.509  Madd_temp_add0000_xor<12> (temp_add0000<12>)
     LUT3:I0->O            1   0.612   0.000  cont_or00001_wg_lut<0> (cont_or00001_wg_lut<0>)
     MUXCY:S->O            1   0.404   0.000  cont_or00001_wg_cy<0> (cont_or00001_wg_cy<0>)
     MUXCY:CI->O           1   0.052   0.000  cont_or00001_wg_cy<1> (cont_or00001_wg_cy<1>)
     MUXCY:CI->O           1   0.052   0.000  cont_or00001_wg_cy<2> (cont_or00001_wg_cy<2>)
     MUXCY:CI->O           1   0.052   0.000  cont_or00001_wg_cy<3> (cont_or00001_wg_cy<3>)
     MUXCY:CI->O           2   0.399   0.410  cont_or00001_wg_cy<4> (cont_or00001_wg_cy<4>)
     LUT3:I2->O           19   0.612   0.922  cont_or00001 (cont_or0000)
     FDR:R                     0.795          cont_0
    ----------------------------------------
    Total                      8.094ns (5.721ns logic, 2.373ns route)
                                       (70.7% logic, 29.3% route)

=========================================================================
Timing constraint: Default period analysis for Clock 'temp'
  Clock period: 2.674ns (frequency: 373.972MHz)
  Total number of paths / destination ports: 18 / 4
-------------------------------------------------------------------------
Delay:               2.674ns (Levels of Logic = 2)
  Source:            y_aux_0 (FF)
  Destination:       y_aux_1 (FF)
  Source Clock:      temp rising
  Destination Clock: temp rising

  Data Path: y_aux_0 to y_aux_1
                                Gate     Net
    Cell:in->out      fanout   Delay   Delay  Logical Name (Net Name)
    ----------------------------------------  ------------
     FDCE:C->Q            14   0.514   1.002  y_aux_0 (y_aux_0)
     LUT4:I0->O            1   0.612   0.000  y_aux_mux0003<0>1_G (N6)
     MUXF5:I1->O           1   0.278   0.000  y_aux_mux0003<0>1 (y_aux_mux0003<0>)
     FDCE:D                    0.268          y_aux_3
    ----------------------------------------
    Total                      2.674ns (1.672ns logic, 1.002ns route)
                                       (62.5% logic, 37.5% route)

=========================================================================
Timing constraint: Default OFFSET IN BEFORE for Clock 'clk'
  Total number of paths / destination ports: 21 / 21
-------------------------------------------------------------------------
Offset:              4.039ns (Levels of Logic = 2)
  Source:            bt (PAD)
  Destination:       cont_0 (FF)
  Destination Clock: clk rising

  Data Path: bt to cont_0
                                Gate     Net
    Cell:in->out      fanout   Delay   Delay  Logical Name (Net Name)
    ----------------------------------------  ------------
     IBUF:I->O             3   1.106   0.603  bt_IBUF (bt_IBUF)
     LUT3:I0->O           19   0.612   0.922  cont_or00001 (cont_or0000)
     FDR:R                     0.795          cont_0
    ----------------------------------------
    Total                      4.039ns (2.513ns logic, 1.526ns route)
                                       (62.2% logic, 37.8% route)

=========================================================================
Timing constraint: Default OFFSET IN BEFORE for Clock 'temp'
  Total number of paths / destination ports: 9 / 7
-------------------------------------------------------------------------
Offset:              2.871ns (Levels of Logic = 3)
  Source:            rev (PAD)
  Destination:       y_aux_1 (FF)
  Destination Clock: temp rising

  Data Path: rev to y_aux_1
                                Gate     Net
    Cell:in->out      fanout   Delay   Delay  Logical Name (Net Name)
    ----------------------------------------  ------------
     IBUF:I->O             5   1.106   0.607  rev_IBUF (rev_IBUF)
     LUT4:I1->O            1   0.612   0.000  y_aux_mux0003<0>1_F (N5)
     MUXF5:I0->O           1   0.278   0.000  y_aux_mux0003<0>1 (y_aux_mux0003<0>)
     FDCE:D                    0.268          y_aux_3
    ----------------------------------------
    Total                      2.871ns (2.264ns logic, 0.607ns route)
                                       (78.9% logic, 21.1% route)

=========================================================================
Timing constraint: Default OFFSET OUT AFTER for Clock 'temp'
  Total number of paths / destination ports: 32 / 11
-------------------------------------------------------------------------
Offset:              5.654ns (Levels of Logic = 2)
  Source:            y_aux_0 (FF)
  Destination:       led<6> (PAD)
  Source Clock:      temp rising

  Data Path: y_aux_0 to led<6>
                                Gate     Net
    Cell:in->out      fanout   Delay   Delay  Logical Name (Net Name)
    ----------------------------------------  ------------
     FDCE:C->Q            14   0.514   1.002  y_aux_0 (y_aux_0)
     LUT4:I0->O            1   0.612   0.357  Mrom_led41 (led_4_OBUF)
     OBUF:I->O                 3.169          led_4_OBUF (led<4>)
    ----------------------------------------
    Total                      5.654ns (4.295ns logic, 1.359ns route)
                                       (76.0% logic, 24.0% route)

=========================================================================


Total REAL time to Xst completion: 10.00 secs
Total CPU time to Xst completion: 9.53 secs
 
--> 

Total memory usage is 4515048 kilobytes

Number of errors   :    0 (   0 filtered)
Number of warnings :    0 (   0 filtered)
Number of infos    :    2 (   0 filtered)

