Running: C:\Xilinx\14.7\ISE_DS\ISE\bin\nt64\unwrapped\fuse.exe -intstyle ise -incremental -o C:/Users/Carlos/Desktop/LAB3-20240403T225243Z-001/LAB3/Contador_0_9/Contador_tb_isim_beh.exe -prj C:/Users/Carlos/Desktop/LAB3-20240403T225243Z-001/LAB3/Contador_0_9/Contador_tb_beh.prj work.Contador_tb 
ISim P.20131013 (signature 0x7708f090)
Number of CPUs detected in this system: 16
Turning on mult-threading, number of parallel sub-compilation jobs: 32 
Determining compilation order of HDL files
Parsing VHDL file "C:/Users/Carlos/Desktop/LAB3-20240403T225243Z-001/LAB3/Contador_0_9/Contador.vhd" into library work
Parsing VHDL file "C:/Users/Carlos/Desktop/LAB3-20240403T225243Z-001/LAB3/Contador_0_9/Contador_tb.vhd" into library work
Starting static elaboration
Completed static elaboration
Compiling package standard
Compiling package std_logic_1164
Compiling package std_logic_arith
Compiling package numeric_std
Compiling architecture behavioral of entity Contador [\Contador(50000,10)\]
Compiling architecture behavior of entity contador_tb
Time Resolution for simulation is 1ps.
Compiled 7 VHDL Units
Built simulation executable C:/Users/Carlos/Desktop/LAB3-20240403T225243Z-001/LAB3/Contador_0_9/Contador_tb_isim_beh.exe
Fuse Memory Usage: 37636 KB
Fuse CPU Usage: 999 ms
