--------------------------------------------------------------------------------
Release 14.7 Trace  (nt64)
Copyright (c) 1995-2013 Xilinx, Inc.  All rights reserved.

C:\Xilinx\14.7\ISE_DS\ISE\bin\nt64\unwrapped\trce.exe -intstyle ise -v 3 -s 5
-n 3 -fastpaths -xml decoder.twx decoder.ncd -o decoder.twr decoder.pcf -ucf
pins.ucf

Design file:              decoder.ncd
Physical constraint file: decoder.pcf
Device,package,speed:     xc3s500e,fg320,-5 (PRODUCTION 1.27 2013-10-13)
Report level:             verbose report

Environment Variable      Effect 
--------------------      ------ 
NONE                      No environment variables were set
--------------------------------------------------------------------------------

INFO:Timing:2698 - No timing constraints found, doing default enumeration.
INFO:Timing:3412 - To improve timing, see the Timing Closure User Guide (UG612).
INFO:Timing:2752 - To get complete path coverage, use the unconstrained paths 
   option. All paths that are not constrained will be reported in the 
   unconstrained paths section(s) of the report.
INFO:Timing:3339 - The clock-to-out numbers in this timing report are based on 
   a 50 Ohm transmission line loading model.  For the details of this model, 
   and for more information on accounting for different loading conditions, 
   please see the device datasheet.
INFO:Timing:3390 - This architecture does not support a default System Jitter 
   value, please add SYSTEM_JITTER constraint to the UCF to modify the Clock 
   Uncertainty calculation.
INFO:Timing:3389 - This architecture does not support 'Discrete Jitter' and 
   'Phase Error' calculations, these terms will be zero in the Clock 
   Uncertainty calculation.  Please make appropriate modification to 
   SYSTEM_JITTER to account for the unsupported Discrete Jitter and Phase 
   Error.



Data Sheet report:
-----------------
All values displayed in nanoseconds (ns)

Pad to Pad
---------------+---------------+---------+
Source Pad     |Destination Pad|  Delay  |
---------------+---------------+---------+
bcd<0>         |ssd<0>         |    5.481|
bcd<0>         |ssd<1>         |    6.811|
bcd<0>         |ssd<2>         |    7.395|
bcd<0>         |ssd<3>         |    6.612|
bcd<0>         |ssd<4>         |    7.440|
bcd<0>         |ssd<5>         |    5.831|
bcd<0>         |ssd<6>         |    7.271|
bcd<1>         |ssd<0>         |    5.951|
bcd<1>         |ssd<1>         |    5.925|
bcd<1>         |ssd<2>         |    6.503|
bcd<1>         |ssd<3>         |    7.026|
bcd<1>         |ssd<4>         |    6.548|
bcd<1>         |ssd<5>         |    6.483|
bcd<1>         |ssd<6>         |    6.385|
bcd<2>         |ssd<0>         |    6.374|
bcd<2>         |ssd<1>         |    6.831|
bcd<2>         |ssd<2>         |    7.359|
bcd<2>         |ssd<3>         |    7.455|
bcd<2>         |ssd<4>         |    7.404|
bcd<2>         |ssd<5>         |    6.382|
bcd<2>         |ssd<6>         |    7.291|
bcd<3>         |ssd<0>         |    6.042|
bcd<3>         |ssd<1>         |    6.608|
bcd<3>         |ssd<2>         |    7.159|
bcd<3>         |ssd<3>         |    7.150|
bcd<3>         |ssd<4>         |    7.204|
bcd<3>         |ssd<5>         |    6.646|
bcd<3>         |ssd<6>         |    7.068|
---------------+---------------+---------+


Analysis completed Mon Mar 25 22:07:00 2024 
--------------------------------------------------------------------------------

Trace Settings:
-------------------------
Trace Settings 

Peak Memory Usage: 4510 MB



