Release 14.7 - xst P.20131013 (nt64)
Copyright (c) 1995-2013 Xilinx, Inc.  All rights reserved.
--> Parameter TMPDIR set to xst/projnav.tmp


Total REAL time to Xst completion: 0.00 secs
Total CPU time to Xst completion: 0.08 secs
 
--> Parameter xsthdpdir set to xst


Total REAL time to Xst completion: 0.00 secs
Total CPU time to Xst completion: 0.08 secs
 
--> Reading design: hamming.prj

TABLE OF CONTENTS
  1) Synthesis Options Summary
  2) HDL Compilation
  3) Design Hierarchy Analysis
  4) HDL Analysis
  5) HDL Synthesis
     5.1) HDL Synthesis Report
  6) Advanced HDL Synthesis
     6.1) Advanced HDL Synthesis Report
  7) Low Level Synthesis
  8) Partition Report
  9) Final Report
	9.1) Device utilization summary
	9.2) Partition Resource Summary
	9.3) TIMING REPORT


=========================================================================
*                      Synthesis Options Summary                        *
=========================================================================
---- Source Parameters
Input File Name                    : "hamming.prj"
Input Format                       : mixed
Ignore Synthesis Constraint File   : NO

---- Target Parameters
Output File Name                   : "hamming"
Output Format                      : NGC
Target Device                      : xc3s500e-5-fg320

---- Source Options
Top Module Name                    : hamming
Automatic FSM Extraction           : YES
FSM Encoding Algorithm             : Auto
Safe Implementation                : No
FSM Style                          : LUT
RAM Extraction                     : Yes
RAM Style                          : Auto
ROM Extraction                     : Yes
Mux Style                          : Auto
Decoder Extraction                 : YES
Priority Encoder Extraction        : Yes
Shift Register Extraction          : YES
Logical Shifter Extraction         : YES
XOR Collapsing                     : YES
ROM Style                          : Auto
Mux Extraction                     : Yes
Resource Sharing                   : YES
Asynchronous To Synchronous        : NO
Multiplier Style                   : Auto
Automatic Register Balancing       : No

---- Target Options
Add IO Buffers                     : YES
Global Maximum Fanout              : 100000
Add Generic Clock Buffer(BUFG)     : 24
Register Duplication               : YES
Slice Packing                      : YES
Optimize Instantiated Primitives   : NO
Use Clock Enable                   : Yes
Use Synchronous Set                : Yes
Use Synchronous Reset              : Yes
Pack IO Registers into IOBs        : Auto
Equivalent register Removal        : YES

---- General Options
Optimization Goal                  : Speed
Optimization Effort                : 1
Keep Hierarchy                     : No
Netlist Hierarchy                  : As_Optimized
RTL Output                         : Yes
Global Optimization                : AllClockNets
Read Cores                         : YES
Write Timing Constraints           : NO
Cross Clock Analysis               : NO
Hierarchy Separator                : /
Bus Delimiter                      : <>
Case Specifier                     : Maintain
Slice Utilization Ratio            : 100
BRAM Utilization Ratio             : 100
Verilog 2001                       : YES
Auto BRAM Packing                  : NO
Slice Utilization Ratio Delta      : 5

=========================================================================


=========================================================================
*                          HDL Compilation                              *
=========================================================================
Compiling vhdl file "C:/Users/Carlos/Desktop/LAB2/hamming/hamming.vhd" in Library work.
Entity <hamming> compiled.
Entity <hamming> (Architecture <behavioral>) compiled.

=========================================================================
*                     Design Hierarchy Analysis                         *
=========================================================================
Analyzing hierarchy for entity <hamming> in library <work> (architecture <behavioral>) with generics.
	N_ent = 8
	N_sai = 4


=========================================================================
*                            HDL Analysis                               *
=========================================================================
Analyzing generic Entity <hamming> in library <work> (Architecture <behavioral>).
	N_ent = 8
	N_sai = 4
Entity <hamming> analyzed. Unit <hamming> generated.


=========================================================================
*                           HDL Synthesis                               *
=========================================================================

Performing bidirectional port resolution...

Synthesizing Unit <hamming>.
    Related source file is "C:/Users/Carlos/Desktop/LAB2/hamming/hamming.vhd".
WARNING:Xst:653 - Signal <S<0>> is used but never assigned. This sourceless signal will be automatically connected to value 0000.
    Found 4-bit adder for signal <S_1$addsub0000> created at line 27.
    Found 4-bit adder for signal <S_2$addsub0000> created at line 27.
    Found 4-bit adder for signal <S_3$addsub0000> created at line 27.
    Found 4-bit adder for signal <S_4$addsub0000> created at line 27.
    Found 4-bit adder for signal <S_5$addsub0000> created at line 27.
    Found 4-bit adder for signal <S_6$addsub0000> created at line 27.
    Found 4-bit adder for signal <S_7$addsub0000> created at line 27.
    Found 4-bit adder for signal <S_8$addsub0000> created at line 27.
    Summary:
	inferred   8 Adder/Subtractor(s).
Unit <hamming> synthesized.


=========================================================================
HDL Synthesis Report

Macro Statistics
# Adders/Subtractors                                   : 8
 4-bit adder                                           : 8

=========================================================================

=========================================================================
*                       Advanced HDL Synthesis                          *
=========================================================================


=========================================================================
Advanced HDL Synthesis Report

Macro Statistics
# Adders/Subtractors                                   : 8
 4-bit adder                                           : 8

=========================================================================

=========================================================================
*                         Low Level Synthesis                           *
=========================================================================

Optimizing unit <hamming> ...

Mapping all equations...
Building and optimizing final netlist ...
Found area constraint ratio of 100 (+ 5) on block hamming, actual ratio is 0.

Final Macro Processing ...

=========================================================================
Final Register Report

Found no macro
=========================================================================

=========================================================================
*                           Partition Report                            *
=========================================================================

Partition Implementation Status
-------------------------------

  No Partitions were found in this design.

-------------------------------

=========================================================================
*                            Final Report                               *
=========================================================================
Final Results
RTL Top Level Output File Name     : hamming.ngr
Top Level Output File Name         : hamming
Output Format                      : NGC
Optimization Goal                  : Speed
Keep Hierarchy                     : No

Design Statistics
# IOs                              : 19

Cell Usage :
# BELS                             : 34
#      GND                         : 1
#      LUT2                        : 1
#      LUT3                        : 11
#      LUT4                        : 20
#      VCC                         : 1
# IO Buffers                       : 19
#      IBUF                        : 8
#      OBUF                        : 11
=========================================================================

Device utilization summary:
---------------------------

Selected Device : 3s500efg320-5 

 Number of Slices:                       18  out of   4656     0%  
 Number of 4 input LUTs:                 32  out of   9312     0%  
 Number of IOs:                          19
 Number of bonded IOBs:                  19  out of    232     8%  

---------------------------
Partition Resource Summary:
---------------------------

  No Partitions were found in this design.

---------------------------


=========================================================================
TIMING REPORT

NOTE: THESE TIMING NUMBERS ARE ONLY A SYNTHESIS ESTIMATE.
      FOR ACCURATE TIMING INFORMATION PLEASE REFER TO THE TRACE REPORT
      GENERATED AFTER PLACE-and-ROUTE.

Clock Information:
------------------
No clock signals found in this design

Asynchronous Control Signals Information:
----------------------------------------
No asynchronous control signals found in this design

Timing Summary:
---------------
Speed Grade: -5

   Minimum period: No path found
   Minimum input arrival time before clock: No path found
   Maximum output required time after clock: No path found
   Maximum combinational path delay: 13.112ns

Timing Detail:
--------------
All values displayed in nanoseconds (ns)

=========================================================================
Timing constraint: Default path analysis
  Total number of paths / destination ports: 1429 / 7
-------------------------------------------------------------------------
Delay:               13.112ns (Levels of Logic = 9)
  Source:            ent<1> (PAD)
  Destination:       ssd<3> (PAD)

  Data Path: ent<1> to ssd<3>
                                Gate     Net
    Cell:in->out      fanout   Delay   Delay  Logical Name (Net Name)
    ----------------------------------------  ------------
     IBUF:I->O             3   1.106   0.603  ent_1_IBUF (ent_1_IBUF)
     LUT3:I0->O            5   0.612   0.690  S_3_mux0000<0>1 (Madd_S_4_addsub0000_cy<0>)
     LUT4:I0->O            1   0.612   0.509  S_5_mux0000<2>1 (Madd_S_6_addsub0000_lut<2>)
     LUT3:I0->O            3   0.612   0.603  S_6_mux0000<2>1 (Madd_S_7_addsub0000_lut<2>)
     LUT3:I0->O            4   0.612   0.651  S_7_mux0000<2>1 (Madd_S_8_addsub0000_lut<2>)
     LUT3:I0->O            5   0.612   0.607  S_8_mux0000<2>1 (S<8><2>)
     LUT4:I1->O            2   0.612   0.532  ssd_s<6> (ssd_6_OBUF)
     LUT2:I0->O            1   0.612   0.357  ssd_s<3>1 (ssd_3_OBUF)
     OBUF:I->O                 3.169          ssd_3_OBUF (ssd<3>)
    ----------------------------------------
    Total                     13.112ns (8.559ns logic, 4.553ns route)
                                       (65.3% logic, 34.7% route)

=========================================================================


Total REAL time to Xst completion: 3.00 secs
Total CPU time to Xst completion: 3.49 secs
 
--> 

Total memory usage is 4514992 kilobytes

Number of errors   :    0 (   0 filtered)
Number of warnings :    1 (   0 filtered)
Number of infos    :    0 (   0 filtered)

